<?xml version='1.0' encoding='UTF-8'?>
<testsuite hostname="DESKTOP-LJU4UPL" name="com.lightbend.training.coffeehouse.WaiterSpec" tests="1" errors="0" failures="0" skipped="0" time="0.026" timestamp="2020-06-19T12:07:52">
                     <properties>
[...]
</properties>
                     <testcase classname="com.lightbend.training.coffeehouse.WaiterSpec" name="Sending ServeCoffee to Waiter should result in sending ApproveCoffee to CoffeeHouse" time="0.026">
                                                 
                                               </testcase>
                     <system-out><![CDATA[]]></system-out>
                     <system-err><![CDATA[]]></system-err>
                   </testsuite>